<?xml version="1.0" encoding="UTF-8"?>
<!-- Generated by org.testng.reporters.JUnitXMLReporter -->
<testsuite ignored="0" hostname="DESKTOP-A7GJ5DU" failures="0" tests="2" name="FirefoxTest" time="361.393" errors="0" timestamp="2024-11-10T09:07:42 IST">
  <testcase classname="testCases.TC001_AccountRegistrationTest" name="verify_account_registration" time="0.0">
    <skipped/>
  </testcase> <!-- verify_account_registration -->
  <testcase classname="testCases.TC002_AccountLoginTest" name="verify_MyAccount_login" time="0.0">
    <skipped/>
  </testcase> <!-- verify_MyAccount_login -->
</testsuite> <!-- FirefoxTest -->
