<?xml version="1.0" encoding="UTF-8"?>
<!-- Generated by org.testng.reporters.JUnitXMLReporter -->
<testsuite ignored="0" hostname="DESKTOP-A7GJ5DU" failures="0" tests="2" name="firfox-Test" time="166.454" errors="0" timestamp="2024-11-12T11:11:38 IST">
  <testcase classname="testCases.TC001_AccountRegistrationTest" name="verify_account_registration" time="17.679"/>
  <testcase classname="testCases.TC002_AccountLoginTest" name="verify_MyAccount_login" time="5.692"/>
</testsuite> <!-- firfox-Test -->
