<?xml version="1.0" encoding="UTF-8"?>
<testsuite xmlns:xsi="http://www.w3.org/2001/XMLSchema-instance" xsi:noNamespaceSchemaLocation="https://maven.apache.org/surefire/maven-surefire-plugin/xsd/surefire-test-report.xsd" version="3.0.2" name="TestSuite" time="35.413" tests="2" errors="0" skipped="0" failures="0">
  <properties>
[...]
</properties>
  <testcase name="verify_account_registration" classname="testCases.TC001_AccountRegistrationTest" time="6.816">
    <system-out><![CDATA[2024-11-15T06:01:35.090653200Z main ERROR Appenders has no parameter that matches element Properties
2024-11-15T06:01:35.102658800Z main INFO Starting configuration XmlConfiguration[location=D:\MyJava_WS\Opencartv3\target\test-classes\log4j2.xml, lastModified=2024-11-15T05:13:21.663Z]...
2024-11-15T06:01:35.102658800Z main INFO Start watching for changes to D:\MyJava_WS\Opencartv3\target\test-classes\log4j2.xml every 0 seconds
2024-11-15T06:01:35.103661400Z main INFO Configuration XmlConfiguration[location=D:\MyJava_WS\Opencartv3\target\test-classes\log4j2.xml, lastModified=2024-11-15T05:13:21.663Z] started.
2024-11-15T06:01:35.105661100Z main INFO Stopping configuration org.apache.logging.log4j.core.config.DefaultConfiguration@70e8f8e...
2024-11-15T06:01:35.106660400Z main INFO Configuration org.apache.logging.log4j.core.config.DefaultConfiguration@70e8f8e stopped.
]]></system-out>
    <system-err><![CDATA[Nov 15, 2024 11:31:39 AM org.openqa.selenium.devtools.CdpVersionFinder findNearestMatch
WARNING: Unable to find an exact match for CDP version 131, returning the closest version; found: 129; Please update to a Selenium version that supports CDP version 131
]]></system-err>
  </testcase>
  <testcase name="verify_MyAccount_login" classname="testCases.TC002_AccountLoginTest" time="2.972">
    <system-err><![CDATA[Nov 15, 2024 11:31:56 AM org.openqa.selenium.devtools.CdpVersionFinder findNearestMatch
WARNING: Unable to find an exact match for CDP version 131, returning the closest version; found: 129; Please update to a Selenium version that supports CDP version 131
]]></system-err>
  </testcase>
</testsuite>