<?xml version="1.0" encoding="UTF-8"?>
<testng-results ignored="0" total="2" passed="2" failed="0" skipped="0">
  <reporter-output>
  </reporter-output>
  <suite started-at="2024-11-12T11:08:46 IST" name="Suite" finished-at="2024-11-12T11:11:33 IST" duration-ms="166454">
    <groups>
      <group name="Master">
        <method signature="TC001_AccountRegistrationTest.verify_account_registration()[pri:0, instance:testCases.TC001_AccountRegistrationTest@37b70343]" name="verify_account_registration" class="testCases.TC001_AccountRegistrationTest"/>
        <method signature="TC002_AccountLoginTest.verify_MyAccount_login()[pri:0, instance:testCases.TC002_AccountLoginTest@41813449]" name="verify_MyAccount_login" class="testCases.TC002_AccountLoginTest"/>
      </group> <!-- Master -->
      <group name="Sanity">
        <method signature="TC002_AccountLoginTest.verify_MyAccount_login()[pri:0, instance:testCases.TC002_AccountLoginTest@41813449]" name="verify_MyAccount_login" class="testCases.TC002_AccountLoginTest"/>
      </group> <!-- Sanity -->
      <group name="Regression">
        <method signature="TC001_AccountRegistrationTest.verify_account_registration()[pri:0, instance:testCases.TC001_AccountRegistrationTest@37b70343]" name="verify_account_registration" class="testCases.TC001_AccountRegistrationTest"/>
      </group> <!-- Regression -->
    </groups>
    <test started-at="2024-11-12T11:08:46 IST" name="firfox-Test" finished-at="2024-11-12T11:11:33 IST" duration-ms="166454">
      <class name="testCases.TC001_AccountRegistrationTest">
        <test-method is-config="true" signature="setup(java.lang.String,java.lang.String)[pri:0, instance:testCases.TC001_AccountRegistrationTest@37b70343]" started-at="2024-11-12T11:08:47 IST" name="setup" finished-at="2024-11-12T11:10:28 IST" duration-ms="101342" status="PASS">
          <params>
            <param index="0">
              <value>
                <![CDATA[linux]]>
              </value>
            </param>
            <param index="1">
              <value>
                <![CDATA[firefox]]>
              </value>
            </param>
          </params>
          <reporter-output>
          </reporter-output>
        </test-method> <!-- setup -->
        <test-method signature="verify_account_registration()[pri:0, instance:testCases.TC001_AccountRegistrationTest@37b70343]" started-at="2024-11-12T11:10:28 IST" name="verify_account_registration" finished-at="2024-11-12T11:10:46 IST" duration-ms="17679" status="PASS">
          <reporter-output>
          </reporter-output>
        </test-method> <!-- verify_account_registration -->
        <test-method is-config="true" signature="tearDown()[pri:0, instance:testCases.TC001_AccountRegistrationTest@37b70343]" started-at="2024-11-12T11:10:46 IST" name="tearDown" finished-at="2024-11-12T11:10:55 IST" duration-ms="9422" status="PASS">
          <reporter-output>
          </reporter-output>
        </test-method> <!-- tearDown -->
      </class> <!-- testCases.TC001_AccountRegistrationTest -->
      <class name="testCases.TC002_AccountLoginTest">
        <test-method is-config="true" signature="setup(java.lang.String,java.lang.String)[pri:0, instance:testCases.TC002_AccountLoginTest@41813449]" started-at="2024-11-12T11:10:55 IST" name="setup" finished-at="2024-11-12T11:11:23 IST" duration-ms="27996" status="PASS">
          <params>
            <param index="0">
              <value>
                <![CDATA[linux]]>
              </value>
            </param>
            <param index="1">
              <value>
                <![CDATA[firefox]]>
              </value>
            </param>
          </params>
          <reporter-output>
          </reporter-output>
        </test-method> <!-- setup -->
        <test-method signature="verify_MyAccount_login()[pri:0, instance:testCases.TC002_AccountLoginTest@41813449]" started-at="2024-11-12T11:11:23 IST" name="verify_MyAccount_login" finished-at="2024-11-12T11:11:29 IST" duration-ms="5692" status="PASS">
          <reporter-output>
          </reporter-output>
        </test-method> <!-- verify_MyAccount_login -->
        <test-method is-config="true" signature="tearDown()[pri:0, instance:testCases.TC002_AccountLoginTest@41813449]" started-at="2024-11-12T11:11:29 IST" name="tearDown" finished-at="2024-11-12T11:11:33 IST" duration-ms="3430" status="PASS">
          <reporter-output>
          </reporter-output>
        </test-method> <!-- tearDown -->
      </class> <!-- testCases.TC002_AccountLoginTest -->
    </test> <!-- firfox-Test -->
  </suite> <!-- Suite -->
</testng-results>
